<?xml version="1.0" encoding="UTF-8"?>
<!-- Generated by org.testng.reporters.JUnitXMLReporter -->
<testsuite hostname="DESKTOP-OSIFBDV" ignored="0" name="Test" tests="3" failures="0" timestamp="2021-03-03T10:17:31 IST" time="133.473" errors="0">
  <testcase name="travelInsurance" time="32.178" classname="com.policybazaar.primary.Car_Insurance"/>
  <testcase name="healthInsurance" time="40.493" classname="com.policybazaar.primary.Health_Insurance"/>
  <testcase name="travelInsurance" time="60.706" classname="com.policybazaar.primary.Travel_Insurance"/>
</testsuite> <!-- Test -->
